2023-02-22T10:31:31.305+05:30  WARN 3068 --- [HikariPool-1 housekeeper] com.zaxxer.hikari.pool.HikariPool        : HikariPool-1 - Thread starvation or clock leap detected (housekeeper delta=16h29m20s975ms430µs100ns).
2023-02-22T15:51:20.798+05:30  INFO 52420 --- [main] com.ragu.Restapi1ApplicationTests        : Starting Restapi1ApplicationTests using Java 17.0.5 with PID 52420 (started by raghunandhan.s in C:\Users\raghunandhan.s\Documents\workspace-spring-tool-suite-4-4.17.0.RELEASE\RESTAPI-1)
2023-02-22T15:51:20.800+05:30  INFO 52420 --- [main] com.ragu.Restapi1ApplicationTests        : No active profile set, falling back to 1 default profile: "default"
2023-02-22T15:51:21.352+05:30  INFO 52420 --- [main] .s.d.r.c.RepositoryConfigurationDelegate : Bootstrapping Spring Data JPA repositories in DEFAULT mode.
2023-02-22T15:51:21.429+05:30  INFO 52420 --- [main] .s.d.r.c.RepositoryConfigurationDelegate : Finished Spring Data repository scanning in 62 ms. Found 1 JPA repository interfaces.
2023-02-22T15:51:21.518+05:30  INFO 52420 --- [main] beddedDataSourceBeanFactoryPostProcessor : Replacing 'dataSource' DataSource bean with embedded version
2023-02-22T15:51:21.818+05:30  INFO 52420 --- [main] o.s.j.d.e.EmbeddedDatabaseFactory        : Starting embedded database: url='jdbc:h2:mem:8ee2ff87-c2a2-4be8-bd2d-857f41445e4a;DB_CLOSE_DELAY=-1;DB_CLOSE_ON_EXIT=false', username='sa'
2023-02-22T15:51:22.234+05:30  INFO 52420 --- [main] o.hibernate.jpa.internal.util.LogHelper  : HHH000204: Processing PersistenceUnitInfo [name: default]
2023-02-22T15:51:22.329+05:30  INFO 52420 --- [main] org.hibernate.Version                    : HHH000412: Hibernate ORM core version 6.1.6.Final
2023-02-22T15:51:22.620+05:30  WARN 52420 --- [main] org.hibernate.orm.deprecation            : HHH90000021: Encountered deprecated setting [javax.persistence.sharedCache.mode], use [jakarta.persistence.sharedCache.mode] instead
2023-02-22T15:51:22.821+05:30  INFO 52420 --- [main] SQL dialect                              : HHH000400: Using dialect: org.hibernate.dialect.H2Dialect
2023-02-22T15:51:23.930+05:30  INFO 52420 --- [main] o.h.e.t.j.p.i.JtaPlatformInitiator       : HHH000490: Using JtaPlatform implementation: [org.hibernate.engine.transaction.jta.platform.internal.NoJtaPlatform]
2023-02-22T15:51:23.949+05:30  INFO 52420 --- [main] j.LocalContainerEntityManagerFactoryBean : Initialized JPA EntityManagerFactory for persistence unit 'default'
2023-02-22T15:51:24.419+05:30  INFO 52420 --- [main] com.ragu.Restapi1ApplicationTests        : Started Restapi1ApplicationTests in 4.117 seconds (process running for 6.384)
2023-02-22T15:51:24.975+05:30  INFO 52420 --- [SpringApplicationShutdownHook] j.LocalContainerEntityManagerFactoryBean : Closing JPA EntityManagerFactory for persistence unit 'default'
2023-02-22T15:52:24.890+05:30  INFO 60024 --- [main] com.ragu.Restapi1ApplicationTests        : Starting Restapi1ApplicationTests using Java 17.0.5 with PID 60024 (started by raghunandhan.s in C:\Users\raghunandhan.s\Documents\workspace-spring-tool-suite-4-4.17.0.RELEASE\RESTAPI-1)
2023-02-22T15:52:24.892+05:30  INFO 60024 --- [main] com.ragu.Restapi1ApplicationTests        : No active profile set, falling back to 1 default profile: "default"
2023-02-22T15:52:25.380+05:30  INFO 60024 --- [main] .s.d.r.c.RepositoryConfigurationDelegate : Bootstrapping Spring Data JPA repositories in DEFAULT mode.
2023-02-22T15:52:25.451+05:30  INFO 60024 --- [main] .s.d.r.c.RepositoryConfigurationDelegate : Finished Spring Data repository scanning in 60 ms. Found 1 JPA repository interfaces.
2023-02-22T15:52:25.523+05:30  INFO 60024 --- [main] beddedDataSourceBeanFactoryPostProcessor : Replacing 'dataSource' DataSource bean with embedded version
2023-02-22T15:52:25.848+05:30  INFO 60024 --- [main] o.s.j.d.e.EmbeddedDatabaseFactory        : Starting embedded database: url='jdbc:h2:mem:7f72394e-d62c-4c2d-a248-7777ac250829;DB_CLOSE_DELAY=-1;DB_CLOSE_ON_EXIT=false', username='sa'
2023-02-22T15:52:26.285+05:30  INFO 60024 --- [main] o.hibernate.jpa.internal.util.LogHelper  : HHH000204: Processing PersistenceUnitInfo [name: default]
2023-02-22T15:52:26.355+05:30  INFO 60024 --- [main] org.hibernate.Version                    : HHH000412: Hibernate ORM core version 6.1.6.Final
2023-02-22T15:52:26.601+05:30  WARN 60024 --- [main] org.hibernate.orm.deprecation            : HHH90000021: Encountered deprecated setting [javax.persistence.sharedCache.mode], use [jakarta.persistence.sharedCache.mode] instead
2023-02-22T15:52:26.826+05:30  INFO 60024 --- [main] SQL dialect                              : HHH000400: Using dialect: org.hibernate.dialect.H2Dialect
2023-02-22T15:52:27.923+05:30  INFO 60024 --- [main] o.h.e.t.j.p.i.JtaPlatformInitiator       : HHH000490: Using JtaPlatform implementation: [org.hibernate.engine.transaction.jta.platform.internal.NoJtaPlatform]
2023-02-22T15:52:27.937+05:30  INFO 60024 --- [main] j.LocalContainerEntityManagerFactoryBean : Initialized JPA EntityManagerFactory for persistence unit 'default'
2023-02-22T15:52:28.376+05:30  INFO 60024 --- [main] com.ragu.Restapi1ApplicationTests        : Started Restapi1ApplicationTests in 4.029 seconds (process running for 5.727)
2023-02-22T15:52:28.910+05:30  INFO 60024 --- [SpringApplicationShutdownHook] j.LocalContainerEntityManagerFactoryBean : Closing JPA EntityManagerFactory for persistence unit 'default'
2023-02-22T15:54:19.110+05:30  INFO 48428 --- [main] com.ragu.Restapi1ApplicationTests        : Starting Restapi1ApplicationTests using Java 17.0.5 with PID 48428 (started by raghunandhan.s in C:\Users\raghunandhan.s\Documents\workspace-spring-tool-suite-4-4.17.0.RELEASE\RESTAPI-1)
2023-02-22T15:54:19.113+05:30  INFO 48428 --- [main] com.ragu.Restapi1ApplicationTests        : No active profile set, falling back to 1 default profile: "default"
2023-02-22T15:54:19.582+05:30  INFO 48428 --- [main] .s.d.r.c.RepositoryConfigurationDelegate : Bootstrapping Spring Data JPA repositories in DEFAULT mode.
2023-02-22T15:54:19.653+05:30  INFO 48428 --- [main] .s.d.r.c.RepositoryConfigurationDelegate : Finished Spring Data repository scanning in 60 ms. Found 1 JPA repository interfaces.
2023-02-22T15:54:19.713+05:30  INFO 48428 --- [main] beddedDataSourceBeanFactoryPostProcessor : Replacing 'dataSource' DataSource bean with embedded version
2023-02-22T15:54:20.017+05:30  INFO 48428 --- [main] o.s.j.d.e.EmbeddedDatabaseFactory        : Starting embedded database: url='jdbc:h2:mem:ee57e14a-3e79-4c9a-86d7-06d34b8eee22;DB_CLOSE_DELAY=-1;DB_CLOSE_ON_EXIT=false', username='sa'
2023-02-22T15:54:20.445+05:30  INFO 48428 --- [main] o.hibernate.jpa.internal.util.LogHelper  : HHH000204: Processing PersistenceUnitInfo [name: default]
2023-02-22T15:54:20.529+05:30  INFO 48428 --- [main] org.hibernate.Version                    : HHH000412: Hibernate ORM core version 6.1.6.Final
2023-02-22T15:54:20.833+05:30  WARN 48428 --- [main] org.hibernate.orm.deprecation            : HHH90000021: Encountered deprecated setting [javax.persistence.sharedCache.mode], use [jakarta.persistence.sharedCache.mode] instead
2023-02-22T15:54:21.093+05:30  INFO 48428 --- [main] SQL dialect                              : HHH000400: Using dialect: org.hibernate.dialect.H2Dialect
2023-02-22T15:54:22.244+05:30  INFO 48428 --- [main] o.h.e.t.j.p.i.JtaPlatformInitiator       : HHH000490: Using JtaPlatform implementation: [org.hibernate.engine.transaction.jta.platform.internal.NoJtaPlatform]
2023-02-22T15:54:22.254+05:30  INFO 48428 --- [main] j.LocalContainerEntityManagerFactoryBean : Initialized JPA EntityManagerFactory for persistence unit 'default'
2023-02-22T15:54:22.656+05:30  INFO 48428 --- [main] com.ragu.Restapi1ApplicationTests        : Started Restapi1ApplicationTests in 4.053 seconds (process running for 5.732)
2023-02-22T15:54:23.187+05:30  INFO 48428 --- [SpringApplicationShutdownHook] j.LocalContainerEntityManagerFactoryBean : Closing JPA EntityManagerFactory for persistence unit 'default'
